This is pdfTeX, Version 3.141592-1.21a (MiKTeX 2.4) (preloaded format=plain 2005.8.13)  6 NOV 2005 18:25
**lesson-1-1-2-10
(lesson-1-1-2-10.tex (C:\localtexmf\tex\generic\musixtex\musixtex.tex
MusiXTeX(c) T.112 <3 Jan. 2003>
\n@i=\count26
\n@ii=\count27
\n@iii=\count28
\n@iv=\count29
\n@v=\count30
\n@vi=\count31
\n@vii=\count32
\n@viii=\count33
\toks@box=\box16
\w@rkbox=\box17
\n@otebox=\box18
\y@=\dimen16
\y@i=\dimen17
\y@ii=\dimen18
\y@iii=\dimen19
\y@iv=\dimen20
\y@v=\dimen21
\k@ii=\skip18
\k@iii=\skip19
\k@iiii=\skip20
\k@iiv=\skip21
\k@iv=\skip22
\k@ivi=\skip23
\i@ni=\dimen22
\i@nii=\dimen23
\i@niii=\dimen24
\i@niv=\dimen25
\i@nv=\dimen26
\i@nvi=\dimen27
\b@xi=\dimen28
\b@zi=\dimen29
\b@xii=\dimen30
\b@zii=\dimen31
\b@xiii=\dimen32
\b@ziii=\dimen33
\b@xiv=\dimen34
\b@ziv=\dimen35
\b@xv=\dimen36
\b@zv=\dimen37
\b@xvi=\dimen38
\b@zvi=\dimen39
\c@xi=\dimen40
\c@zi=\skip24
\c@xii=\dimen41
\c@zii=\skip25
\c@xiii=\dimen42
\c@ziii=\skip26
\c@xiv=\dimen43
\c@ziv=\skip27
\c@xv=\dimen44
\c@zv=\skip28
\c@xvi=\dimen45
\c@zvi=\skip29
\d@xi=\dimen46
\d@zi=\skip30
\d@xii=\dimen47
\d@zii=\skip31
\d@xiii=\dimen48
\d@ziii=\skip32
\d@xiv=\dimen49
\d@ziv=\skip33
\d@xv=\dimen50
\d@zv=\skip34
\d@xvi=\dimen51
\d@zvi=\skip35
\e@xi=\dimen52
\e@zi=\skip36
\e@xii=\dimen53
\e@zii=\skip37
\e@xiii=\dimen54
\e@ziii=\skip38
\e@xiv=\dimen55
\e@ziv=\skip39
\e@xv=\dimen56
\e@zv=\skip40
\e@xvi=\dimen57
\e@zvi=\skip41
\f@xi=\dimen58
\f@zi=\skip42
\f@xii=\dimen59
\f@zii=\skip43
\f@xiii=\dimen60
\f@ziii=\skip44
\f@xiv=\dimen61
\f@ziv=\skip45
\f@xv=\dimen62
\f@zv=\skip46
\f@xvi=\dimen63
\f@zvi=\skip47
\b@pi=\count34
\b@ni=\count35
\b@pii=\count36
\b@nii=\count37
\b@piii=\count38
\b@niii=\count39
\b@piv=\count40
\b@niv=\count41
\b@pv=\count42
\b@nv=\count43
\b@pvi=\count44
\b@nvi=\count45
\n@pi=\count46
\n@pii=\count47
\n@piii=\count48
\n@piv=\count49
\n@pv=\count50
\n@pvi=\count51
\a@si=\count52
\o@si=\count53
\a@sii=\count54
\o@sii=\count55
\a@siii=\count56
\o@siii=\count57
\a@siv=\count58
\o@siv=\count59
\a@sv=\count60
\o@sv=\count61
\a@svi=\count62
\o@svi=\count63
\a@ci=\toks12
\a@cii=\toks13
\a@ciii=\toks14
\a@civ=\toks15
\a@cv=\toks16
\a@cvi=\toks17
\o@ci=\toks18
\o@cii=\toks19
\o@ciii=\toks20
\o@civ=\toks21
\o@cv=\toks22
\o@cvi=\toks23
\m@ti=\toks24
\m@tii=\toks25
\m@tiii=\toks26
\m@tiv=\toks27
\m@tv=\toks28
\m@tvi=\toks29
\g@bi=\skip48
\g@bii=\skip49
\g@biii=\skip50
\g@hi=\skip51
\g@hii=\skip52
\g@hiii=\skip53
\group@no=\count64
\N@s=\count65
\s@xi=\dimen64
\s@xii=\dimen65
\s@xiii=\dimen66
\s@xiv=\dimen67
\s@xv=\dimen68
\s@xvi=\dimen69
\s@si=\toks30
\s@sii=\toks31
\s@siii=\toks32
\s@siv=\toks33
\s@sv=\toks34
\s@svi=\toks35
\s@Y=\dimen70
\s@Yi=\dimen71
\s@Yii=\dimen72
\s@Yiii=\dimen73
\s@Yiv=\dimen74
\s@Yv=\dimen75
\s@Yvi=\dimen76
\s@ai=\skip54
\s@aii=\skip55
\s@aiii=\skip56
\s@aiv=\skip57
\s@av=\skip58
\s@avi=\skip59
\s@yi=\count66
\s@yii=\count67
\s@yiii=\count68
\s@yiv=\count69
\s@yv=\count70
\s@yvi=\count71
\s@Ni=\count72
\s@Nii=\count73
\s@Niii=\count74
\s@Niv=\count75
\s@Nv=\count76
\s@Nvi=\count77
\s@zi=\count78
\s@zii=\count79
\s@ziii=\count80
\s@ziv=\count81
\s@zv=\count82
\s@zvi=\count83
\s@di=\toks36
\s@dii=\toks37
\s@diii=\toks38
\s@div=\toks39
\s@dv=\toks40
\s@dvi=\toks41
\lin@pos=\dimen77
\meet@minus@n@iv=\count84
\interbeam=\dimen78
\b@amthick=\dimen79
\Interligne=\dimen80
\Internote=\dimen81
\ch@box=\box19
\musicsize=\count85
\qd@skip=\dimen82
\qn@width=\dimen83
\wn@width=\dimen84
\txt@ff=\skip60
\s@indent=\skip61
\big@spc=\skip62
\lthick=\dimen85
\afterruleskip=\skip63
\staffbotmarg=\dimen86
\stafftopmarg=\dimen87
\line@width=\dimen88
\interportee=\dimen89
\noport@@=\count86
\noinstrum@nt=\count87
\altportee=\dimen90
\interinstrument=\dimen91
\systemheight=\dimen92
\altplancher=\dimen93
\instrum@in@group=\skip64
\boxitsep=\skip65
\barsinpi@c@=\count88
\barno=\count89
\startbarno=\count90
\sign@skip=\dimen94
\maxsign@skip=\dimen95
\x@skip=\dimen96
\n@skip=\dimen97
\beforeruleskip=\skip66
\widthtyp@=\count91
\lastbarno=\count92
\cut@v=\skip67
\init@volta@pos=\skip68
\volta@startcor=\skip69
\volta@endcor=\skip70
\writ@volta@box=\box20
\barsinlin@=\count93
\maxbarsinlin@=\count94
\lastbarpos=\skip71
\ut@ref=\count95
\meterskip=\skip72
\t@c=\toks42
\clef@skip=\skip73
\noteskip=\dimen98
\transpose=\count96
\normaltranspose=\count97
\locx@skip=\dimen99
\elemskip=\dimen100
\@l@mskip=\dimen101
\inh@alt=\count98
\st@bot=\dimen102
\st@top=\dimen103
\stem@skip=\dimen104
\s@lope=\dimen105
\y@vi=\dimen106
\lift@rest=\dimen107
\accshift=\skip74
\@icresc=\skip75
\@itrillei=\skip76
\@itrilleii=\skip77
\@itrilleiii=\skip78
\@itrilleiv=\skip79
\@itrillev=\skip80
\@itrillevi=\skip81
\tr@xi=\skip82
\tr@xii=\skip83
\tr@xiii=\skip84
\tr@xiv=\skip85
\tr@xv=\skip86
\tr@xvi=\skip87
\tr@swi=\toks43
\tr@swii=\toks44
\tr@swiii=\toks45
\tr@swiv=\toks46
\tr@swv=\toks47
\tr@swvi=\toks48
\tr@yi=\skip88
\tr@yii=\skip89
\tr@yiii=\skip90
\tr@yiv=\skip91
\tr@yv=\skip92
\tr@yvi=\skip93
\tr@number=\count99
\o@xi=\skip94
\o@xii=\skip95
\o@xiii=\skip96
\o@xiv=\skip97
\o@xv=\skip98
\o@xvi=\skip99
\o@yi=\skip100
\o@yii=\skip101
\o@yiii=\skip102
\o@yiv=\skip103
\o@yv=\skip104
\o@yvi=\skip105
\o@swz=\toks49
\o@swi=\toks50
\o@swii=\toks51
\o@swiii=\toks52
\o@swiv=\toks53
\o@swv=\toks54
\o@swvi=\toks55
\o@number=\count100
\notes@open=\count101
\outmux=\write0
\mulooseness=\count102
\linegoal=\count103
\l@eftrightbox=\box21
\inmux=\read0
) (C:\localtexmf\tex\generic\musixtex\pmx.tex
PMX, a Preprocessor for MusiXTeX, Version 2.5a <15 February 04>
\reflect=\count104
\pmxclefsym=\toks56
\pmxmod=\read1
\workbox=\box22
\razclef=\dimen108
\symwid=\dimen109
\pcil=\dimen110
\figdrop=\count105
\sysno=\count106
\rbnbl=\dimen111
\sbnbl=\dimen112
\xrbn=\dimen113
\xsbn=\dimen114
\rbndim=\dimen115
\sbndim=\dimen116
\pmxtop=\dimen117
\hpi=\dimen118
\hpii=\dimen119
\hpiii=\dimen120
\hpiv=\dimen121
\hpv=\dimen122
\hpvi=\dimen123
\hpvii=\dimen124
\hpviii=\dimen125
\hpix=\dimen126
\hpx=\dimen127
\hpxi=\dimen128
\hpxii=\dimen129
\hptmp=\dimen130
) (C:\localtexmf\tex\generic\musixtex\musixmad.tex
(C:\localtexmf\tex\generic\musixtex\musixadd.tex
MusiXADDitional instruments T.99 <24 March 2000>
)
MusiXMore ADditional instruments T.99 <24 March 2000>
) (lesson-1-1-2-10.mx2) < 1> bar 1 bar 2 bar 3 bar 4 bar 5 bar 6 < 2> bar 7
bar 8 bar 9 bar 10 bar 11 < 3> bar 12 bar 13 bar 14 bar 15 bar 16 bar 17
[1{psfonts.map}]
Memory usage before: 1983&25144; after: 208&25066; still untouched: 1041142
 ) 
Here is how much of TeX's memory you used:
 2132 strings out of 97894
 15355 string characters out of 1216715
 27985 words of memory out of 1069127
 3035 multiletter control sequences out of 60000
 34847 words of font info for 122 fonts, out of 1000000 for 2000
 14 hyphenation exceptions out of 4999
 15i,6n,11p,186b,64s stack positions out of 5000i,500n,10000p,200000b,32768s
PDF statistics:
 13 PDF objects out of 300000
 0 named destinations out of 300000
 1 words of extra memory for PDF output out of 65536
<C:\texmf\fonts\type1\bluesky\cm\cmbx8.pfb><C:\texmf\fonts\type1\bluesky\cm\c
mbx10.pfb><C:\texmf\fonts\type1\public\musixps\musix20.pfb>
Output written on lesson-1-1-2-10.pdf (1 page, 14737 bytes).
